<?xml version="1.0" ?>
<!DOCTYPE coverage SYSTEM 'http://cobertura.sourceforge.net/xml/coverage-03.dtd'>
<coverage line-rate="0.000" version="1.9" timestamp="1452610621">
	<sources>
		<source>/home/travis/build/equalsraf/rust-tls/tls/src/</source>
	</sources>
	<packages>
		<package name="test_lib_b23e8e02ddc7c5a5" line-rate="0.000" branch-rate="1.0" complexity="1.0">
			<classes>
				<class name="raw_rs" filename="raw.rs" line-rate="1.000">
					<lines>
						<line number="422" hits="1"/>
						<line number="425" hits="1"/>
						<line number="426" hits="1"/>
						<line number="427" hits="1"/>
						<line number="428" hits="1"/>
						<line number="429" hits="1"/>
						<line number="430" hits="1"/>
					</lines>
				</class>
				<class name="util_rs" filename="util.rs" line-rate="1.000">
					<lines>
						<line number="21" hits="2"/>
					</lines>
				</class>
			</classes>
		</package>
	</packages>
</coverage>
